[ 2018-12-09T20:08:50+08:00 ] ::1 /paperExtract/index.php/Home/Index/condition
INFO: [ app_init ] --START--
INFO: Run Behavior\BuildLiteBehavior [ RunTime:0.000000s ]
INFO: [ app_init ] --END-- [ RunTime:0.001000s ]
INFO: [ app_begin ] --START--
INFO: Run Behavior\ReadHtmlCacheBehavior [ RunTime:0.000000s ]
INFO: [ app_begin ] --END-- [ RunTime:0.001000s ]
SQL: SHOW COLUMNS FROM `data` [ RunTime:0.0030s ]
SQL: SELECT * FROM `data` LIMIT 3   [ RunTime:0.0000s ]
INFO: [ view_parse ] --START--
INFO: [ template_filter ] --START--
INFO: Run Behavior\ContentReplaceBehavior [ RunTime:0.000000s ]
INFO: [ template_filter ] --END-- [ RunTime:0.000000s ]
INFO: Run Behavior\ParseTemplateBehavior [ RunTime:0.008001s ]
INFO: [ view_parse ] --END-- [ RunTime:0.008001s ]
INFO: [ view_filter ] --START--
INFO: Run Behavior\WriteHtmlCacheBehavior [ RunTime:0.000000s ]
INFO: [ view_filter ] --END-- [ RunTime:0.001000s ]
INFO: [ app_end ] --START--
INFO: Run Behavior\ShowPageTraceBehavior [ RunTime:0.001000s ]
INFO: [ app_end ] --END-- [ RunTime:0.001000s ]

[ 2018-12-09T20:11:36+08:00 ] ::1 /paperExtract/index.php/Home/Index/major
INFO: [ app_init ] --START--
INFO: Run Behavior\BuildLiteBehavior [ RunTime:0.000000s ]
INFO: [ app_init ] --END-- [ RunTime:0.001000s ]
INFO: [ app_begin ] --START--
INFO: Run Behavior\ReadHtmlCacheBehavior [ RunTime:0.001001s ]
INFO: [ app_begin ] --END-- [ RunTime:0.001001s ]
SQL: SHOW COLUMNS FROM `data` [ RunTime:0.0040s ]
SQL: UPDATE `data` SET `flag`='0' WHERE `flag` = 1 [ RunTime:0.0260s ]
SQL: SELECT distinct(majorCode) FROM `data` WHERE majorCode IN (SELECT majorCode FROM `data` GROUP BY majorCode HAVING COUNT(majorCode)=1) [ RunTime:0.0020s ]
SQL: UPDATE `data` SET `flag`='1' WHERE `majorCode` = '0201A1' [ RunTime:0.0210s ]
SQL: UPDATE `data` SET `flag`='1' WHERE `majorCode` = '050101' [ RunTime:0.0160s ]
SQL: UPDATE `data` SET `flag`='1' WHERE `majorCode` = '050105' [ RunTime:0.0240s ]
SQL: SELECT DISTINCT  `majorCode` FROM `data`  [ RunTime:0.0020s ]
SQL: SELECT COUNT(number) AS tp_count FROM `data` WHERE `majorCode` = '0201A6' LIMIT 1   [ RunTime:0.0010s ]
SQL: SELECT * FROM `data` WHERE `majorCode` = '0201A6' ORDER BY rand() LIMIT 1   [ RunTime:0.0010s ]
SQL: SELECT COUNT(number) AS tp_count FROM `data` WHERE `majorCode` = '0201A4' LIMIT 1   [ RunTime:0.0000s ]
SQL: SELECT * FROM `data` WHERE `majorCode` = '0201A4' ORDER BY rand() LIMIT 1   [ RunTime:0.0010s ]
SQL: SELECT COUNT(number) AS tp_count FROM `data` WHERE `majorCode` = '0201A5' LIMIT 1   [ RunTime:0.0000s ]
SQL: SELECT * FROM `data` WHERE `majorCode` = '0201A5' ORDER BY rand() LIMIT 1   [ RunTime:0.0010s ]
SQL: SELECT COUNT(number) AS tp_count FROM `data` WHERE `majorCode` = '0201A1' LIMIT 1   [ RunTime:0.0010s ]
SQL: SELECT * FROM `data` WHERE `majorCode` = '0201A1' ORDER BY rand() LIMIT 1   [ RunTime:0.0020s ]
SQL: SELECT COUNT(number) AS tp_count FROM `data` WHERE `majorCode` = '125200' LIMIT 1   [ RunTime:0.0010s ]
SQL: SELECT * FROM `data` WHERE `majorCode` = '125200' ORDER BY rand() LIMIT 1   [ RunTime:0.0010s ]
SQL: SELECT COUNT(number) AS tp_count FROM `data` WHERE `majorCode` = '050201' LIMIT 1   [ RunTime:0.0000s ]
SQL: SELECT * FROM `data` WHERE `majorCode` = '050201' ORDER BY rand() LIMIT 1   [ RunTime:0.0010s ]
SQL: SELECT COUNT(number) AS tp_count FROM `data` WHERE `majorCode` = '050211' LIMIT 1   [ RunTime:0.0000s ]
SQL: SELECT * FROM `data` WHERE `majorCode` = '050211' ORDER BY rand() LIMIT 1   [ RunTime:0.0010s ]
SQL: SELECT COUNT(number) AS tp_count FROM `data` WHERE `majorCode` = '0832A1' LIMIT 1   [ RunTime:0.0000s ]
SQL: SELECT * FROM `data` WHERE `majorCode` = '0832A1' ORDER BY rand() LIMIT 1   [ RunTime:0.0010s ]
SQL: SELECT COUNT(number) AS tp_count FROM `data` WHERE `majorCode` = '0832A4' LIMIT 1   [ RunTime:0.0010s ]
SQL: SELECT * FROM `data` WHERE `majorCode` = '0832A4' ORDER BY rand() LIMIT 1   [ RunTime:0.0010s ]
SQL: SELECT COUNT(number) AS tp_count FROM `data` WHERE `majorCode` = '0832A6' LIMIT 1   [ RunTime:0.0000s ]
SQL: SELECT * FROM `data` WHERE `majorCode` = '0832A6' ORDER BY rand() LIMIT 1   [ RunTime:0.0010s ]
SQL: SELECT COUNT(number) AS tp_count FROM `data` WHERE `majorCode` = '0832A2' LIMIT 1   [ RunTime:0.0010s ]
SQL: SELECT * FROM `data` WHERE `majorCode` = '0832A2' ORDER BY rand() LIMIT 1   [ RunTime:0.0020s ]
SQL: SELECT COUNT(number) AS tp_count FROM `data` WHERE `majorCode` = '0832A3' LIMIT 1   [ RunTime:0.0010s ]
SQL: SELECT * FROM `data` WHERE `majorCode` = '0832A3' ORDER BY rand() LIMIT 1   [ RunTime:0.0010s ]
SQL: SELECT COUNT(number) AS tp_count FROM `data` WHERE `majorCode` = '0832A5' LIMIT 1   [ RunTime:0.0000s ]
SQL: SELECT * FROM `data` WHERE `majorCode` = '0832A5' ORDER BY rand() LIMIT 1   [ RunTime:0.0010s ]
SQL: SELECT COUNT(number) AS tp_count FROM `data` WHERE `majorCode` = '055101' LIMIT 1   [ RunTime:0.0010s ]
SQL: SELECT * FROM `data` WHERE `majorCode` = '055101' ORDER BY rand() LIMIT 1   [ RunTime:0.0020s ]
SQL: SELECT COUNT(number) AS tp_count FROM `data` WHERE `majorCode` = '120203' LIMIT 1   [ RunTime:0.0010s ]
SQL: SELECT * FROM `data` WHERE `majorCode` = '120203' ORDER BY rand() LIMIT 1   [ RunTime:0.0020s ]
SQL: SELECT COUNT(number) AS tp_count FROM `data` WHERE `majorCode` = '125400' LIMIT 1   [ RunTime:0.0010s ]
SQL: SELECT * FROM `data` WHERE `majorCode` = '125400' ORDER BY rand() LIMIT 1   [ RunTime:0.0010s ]
SQL: SELECT COUNT(number) AS tp_count FROM `data` WHERE `majorCode` = '125300' LIMIT 1   [ RunTime:0.0000s ]
SQL: SELECT * FROM `data` WHERE `majorCode` = '125300' ORDER BY rand() LIMIT 2   [ RunTime:0.0010s ]
SQL: SELECT COUNT(number) AS tp_count FROM `data` WHERE `majorCode` = '055102' LIMIT 1   [ RunTime:0.0000s ]
SQL: SELECT * FROM `data` WHERE `majorCode` = '055102' ORDER BY rand() LIMIT 1   [ RunTime:0.0010s ]
SQL: SELECT COUNT(number) AS tp_count FROM `data` WHERE `majorCode` = '085231' LIMIT 1   [ RunTime:0.0000s ]
SQL: SELECT * FROM `data` WHERE `majorCode` = '085231' ORDER BY rand() LIMIT 1   [ RunTime:0.0010s ]
SQL: SELECT COUNT(number) AS tp_count FROM `data` WHERE `majorCode` = '027000' LIMIT 1   [ RunTime:0.0000s ]
SQL: SELECT * FROM `data` WHERE `majorCode` = '027000' ORDER BY rand() LIMIT 1   [ RunTime:0.0010s ]
SQL: SELECT COUNT(number) AS tp_count FROM `data` WHERE `majorCode` = '071400' LIMIT 1   [ RunTime:0.0010s ]
SQL: SELECT * FROM `data` WHERE `majorCode` = '071400' ORDER BY rand() LIMIT 1   [ RunTime:0.0020s ]
SQL: SELECT COUNT(number) AS tp_count FROM `data` WHERE `majorCode` = '050205' LIMIT 1   [ RunTime:0.0010s ]
SQL: SELECT * FROM `data` WHERE `majorCode` = '050205' ORDER BY rand() LIMIT 1   [ RunTime:0.0010s ]
SQL: SELECT COUNT(number) AS tp_count FROM `data` WHERE `majorCode` = '0775Z1' LIMIT 1   [ RunTime:0.0000s ]
SQL: SELECT * FROM `data` WHERE `majorCode` = '0775Z1' ORDER BY rand() LIMIT 1   [ RunTime:0.0010s ]
SQL: SELECT COUNT(number) AS tp_count FROM `data` WHERE `majorCode` = '025200' LIMIT 1   [ RunTime:0.0000s ]
SQL: SELECT * FROM `data` WHERE `majorCode` = '025200' ORDER BY rand() LIMIT 1   [ RunTime:0.0010s ]
SQL: SELECT COUNT(number) AS tp_count FROM `data` WHERE `majorCode` = '050210' LIMIT 1   [ RunTime:0.0010s ]
SQL: SELECT * FROM `data` WHERE `majorCode` = '050210' ORDER BY rand() LIMIT 1   [ RunTime:0.0010s ]
SQL: SELECT COUNT(number) AS tp_count FROM `data` WHERE `majorCode` = '055105' LIMIT 1   [ RunTime:0.0000s ]
SQL: SELECT * FROM `data` WHERE `majorCode` = '055105' ORDER BY rand() LIMIT 1   [ RunTime:0.0010s ]
SQL: SELECT COUNT(number) AS tp_count FROM `data` WHERE `majorCode` = '083000' LIMIT 1   [ RunTime:0.0000s ]
SQL: SELECT * FROM `data` WHERE `majorCode` = '083000' ORDER BY rand() LIMIT 1   [ RunTime:0.0010s ]
SQL: SELECT COUNT(number) AS tp_count FROM `data` WHERE `majorCode` = '130500' LIMIT 1   [ RunTime:0.0000s ]
SQL: SELECT * FROM `data` WHERE `majorCode` = '130500' ORDER BY rand() LIMIT 1   [ RunTime:0.0010s ]
SQL: SELECT COUNT(number) AS tp_count FROM `data` WHERE `majorCode` = '120201' LIMIT 1   [ RunTime:0.0010s ]
SQL: SELECT * FROM `data` WHERE `majorCode` = '120201' ORDER BY rand() LIMIT 1   [ RunTime:0.0020s ]
SQL: SELECT COUNT(number) AS tp_count FROM `data` WHERE `majorCode` = '085229' LIMIT 1   [ RunTime:0.0010s ]
SQL: SELECT * FROM `data` WHERE `majorCode` = '085229' ORDER BY rand() LIMIT 1   [ RunTime:0.0020s ]
SQL: SELECT COUNT(number) AS tp_count FROM `data` WHERE `majorCode` = '030500' LIMIT 1   [ RunTime:0.0010s ]
SQL: SELECT * FROM `data` WHERE `majorCode` = '030500' ORDER BY rand() LIMIT 1   [ RunTime:0.0010s ]
SQL: SELECT COUNT(number) AS tp_count FROM `data` WHERE `majorCode` = '1305J3' LIMIT 1   [ RunTime:0.0000s ]
SQL: SELECT * FROM `data` WHERE `majorCode` = '1305J3' ORDER BY rand() LIMIT 1   [ RunTime:0.0010s ]
SQL: SELECT COUNT(number) AS tp_count FROM `data` WHERE `majorCode` = '025700' LIMIT 1   [ RunTime:0.0000s ]
SQL: SELECT * FROM `data` WHERE `majorCode` = '025700' ORDER BY rand() LIMIT 1   [ RunTime:0.0010s ]
SQL: SELECT COUNT(number) AS tp_count FROM `data` WHERE `majorCode` = '120401' LIMIT 1   [ RunTime:0.0010s ]
SQL: SELECT * FROM `data` WHERE `majorCode` = '120401' ORDER BY rand() LIMIT 1   [ RunTime:0.0010s ]
SQL: SELECT COUNT(number) AS tp_count FROM `data` WHERE `majorCode` = '120404' LIMIT 1   [ RunTime:0.0010s ]
SQL: SELECT * FROM `data` WHERE `majorCode` = '120404' ORDER BY rand() LIMIT 1   [ RunTime:0.0020s ]
SQL: SELECT COUNT(number) AS tp_count FROM `data` WHERE `majorCode` = '085211' LIMIT 1   [ RunTime:0.0010s ]
SQL: SELECT * FROM `data` WHERE `majorCode` = '085211' ORDER BY rand() LIMIT 1   [ RunTime:0.0010s ]
SQL: SELECT COUNT(number) AS tp_count FROM `data` WHERE `majorCode` = '087100' LIMIT 1   [ RunTime:0.0000s ]
SQL: SELECT * FROM `data` WHERE `majorCode` = '087100' ORDER BY rand() LIMIT 1   [ RunTime:0.0010s ]
SQL: SELECT COUNT(number) AS tp_count FROM `data` WHERE `majorCode` = '120405' LIMIT 1   [ RunTime:0.0000s ]
SQL: SELECT * FROM `data` WHERE `majorCode` = '120405' ORDER BY rand() LIMIT 1   [ RunTime:0.0010s ]
SQL: SELECT COUNT(number) AS tp_count FROM `data` WHERE `majorCode` = '030101' LIMIT 1   [ RunTime:0.0010s ]
SQL: SELECT * FROM `data` WHERE `majorCode` = '030101' ORDER BY rand() LIMIT 1   [ RunTime:0.0020s ]
SQL: SELECT COUNT(number) AS tp_count FROM `data` WHERE `majorCode` = '085240' LIMIT 1   [ RunTime:0.0010s ]
SQL: SELECT * FROM `data` WHERE `majorCode` = '085240' ORDER BY rand() LIMIT 1   [ RunTime:0.0010s ]
SQL: SELECT COUNT(number) AS tp_count FROM `data` WHERE `majorCode` = '030103' LIMIT 1   [ RunTime:0.0000s ]
SQL: SELECT * FROM `data` WHERE `majorCode` = '030103' ORDER BY rand() LIMIT 1   [ RunTime:0.0010s ]
SQL: SELECT COUNT(number) AS tp_count FROM `data` WHERE `majorCode` = '030104' LIMIT 1   [ RunTime:0.0000s ]
SQL: SELECT * FROM `data` WHERE `majorCode` = '030104' ORDER BY rand() LIMIT 1   [ RunTime:0.0010s ]
SQL: SELECT COUNT(number) AS tp_count FROM `data` WHERE `majorCode` = '030105' LIMIT 1   [ RunTime:0.0010s ]
SQL: SELECT * FROM `data` WHERE `majorCode` = '030105' ORDER BY rand() LIMIT 1   [ RunTime:0.0010s ]
SQL: SELECT COUNT(number) AS tp_count FROM `data` WHERE `majorCode` = '030106' LIMIT 1   [ RunTime:0.0010s ]
SQL: SELECT * FROM `data` WHERE `majorCode` = '030106' ORDER BY rand() LIMIT 1   [ RunTime:0.0010s ]
SQL: SELECT COUNT(number) AS tp_count FROM `data` WHERE `majorCode` = '030107' LIMIT 1   [ RunTime:0.0000s ]
SQL: SELECT * FROM `data` WHERE `majorCode` = '030107' ORDER BY rand() LIMIT 1   [ RunTime:0.0010s ]
SQL: SELECT COUNT(number) AS tp_count FROM `data` WHERE `majorCode` = '050101' LIMIT 1   [ RunTime:0.0000s ]
SQL: SELECT * FROM `data` WHERE `majorCode` = '050101' ORDER BY rand() LIMIT 1   [ RunTime:0.0010s ]
SQL: SELECT COUNT(number) AS tp_count FROM `data` WHERE `majorCode` = '050103' LIMIT 1   [ RunTime:0.0010s ]
SQL: SELECT * FROM `data` WHERE `majorCode` = '050103' ORDER BY rand() LIMIT 1   [ RunTime:0.0020s ]
SQL: SELECT COUNT(number) AS tp_count FROM `data` WHERE `majorCode` = '050104' LIMIT 1   [ RunTime:0.0010s ]
SQL: SELECT * FROM `data` WHERE `majorCode` = '050104' ORDER BY rand() LIMIT 1   [ RunTime:0.0010s ]
SQL: SELECT COUNT(number) AS tp_count FROM `data` WHERE `majorCode` = '050105' LIMIT 1   [ RunTime:0.0000s ]
SQL: SELECT * FROM `data` WHERE `majorCode` = '050105' ORDER BY rand() LIMIT 1   [ RunTime:0.0010s ]
SQL: SELECT COUNT(number) AS tp_count FROM `data` WHERE `majorCode` = '050106' LIMIT 1   [ RunTime:0.0000s ]
SQL: SELECT * FROM `data` WHERE `majorCode` = '050106' ORDER BY rand() LIMIT 1   [ RunTime:0.0020s ]
SQL: SELECT COUNT(number) AS tp_count FROM `data` WHERE `majorCode` = '050108' LIMIT 1   [ RunTime:0.0010s ]
SQL: SELECT * FROM `data` WHERE `majorCode` = '050108' ORDER BY rand() LIMIT 1   [ RunTime:0.0010s ]
SQL: SELECT COUNT(number) AS tp_count FROM `data` WHERE `majorCode` = '030109' LIMIT 1   [ RunTime:0.0000s ]
SQL: SELECT * FROM `data` WHERE `majorCode` = '030109' ORDER BY rand() LIMIT 1   [ RunTime:0.0010s ]
SQL: SELECT COUNT(number) AS tp_count FROM `data` WHERE `majorCode` = '0301Z1' LIMIT 1   [ RunTime:0.0000s ]
SQL: SELECT * FROM `data` WHERE `majorCode` = '0301Z1' ORDER BY rand() LIMIT 1   [ RunTime:0.0010s ]
SQL: SELECT COUNT(number) AS tp_count FROM `data` WHERE `majorCode` = '045400' LIMIT 1   [ RunTime:0.0010s ]
SQL: SELECT * FROM `data` WHERE `majorCode` = '045400' ORDER BY rand() LIMIT 1   [ RunTime:0.0010s ]
SQL: SELECT COUNT(number) AS tp_count FROM `data` WHERE `majorCode` = '0810A2' LIMIT 1   [ RunTime:0.0000s ]
SQL: SELECT * FROM `data` WHERE `majorCode` = '0810A2' ORDER BY rand() LIMIT 1   [ RunTime:0.0010s ]
SQL: SELECT COUNT(number) AS tp_count FROM `data` WHERE `majorCode` = '0810A1' LIMIT 1   [ RunTime:0.0000s ]
SQL: SELECT * FROM `data` WHERE `majorCode` = '0810A1' ORDER BY rand() LIMIT 1   [ RunTime:0.0010s ]
SQL: SELECT COUNT(number) AS tp_count FROM `data` WHERE `majorCode` = '0852A8' LIMIT 1   [ RunTime:0.0010s ]
SQL: SELECT * FROM `data` WHERE `majorCode` = '0852A8' ORDER BY rand() LIMIT 1   [ RunTime:0.0020s ]
SQL: SELECT COUNT(number) AS tp_count FROM `data` WHERE `majorCode` = '081200' LIMIT 1   [ RunTime:0.0010s ]
SQL: SELECT * FROM `data` WHERE `majorCode` = '081200' ORDER BY rand() LIMIT 1   [ RunTime:0.0010s ]
SQL: SELECT COUNT(number) AS tp_count FROM `data` WHERE `majorCode` = '0852B8' LIMIT 1   [ RunTime:0.0000s ]
SQL: SELECT * FROM `data` WHERE `majorCode` = '0852B8' ORDER BY rand() LIMIT 1   [ RunTime:0.0010s ]
SQL: SELECT COUNT(number) AS tp_count FROM `data` WHERE `majorCode` = '120202' LIMIT 1   [ RunTime:0.0000s ]
SQL: SELECT * FROM `data` WHERE `majorCode` = '120202' ORDER BY rand() LIMIT 1   [ RunTime:0.0010s ]
SQL: SELECT COUNT(number) AS tp_count FROM `data` WHERE `majorCode` = '120204' LIMIT 1   [ RunTime:0.0010s ]
SQL: SELECT * FROM `data` WHERE `majorCode` = '120204' ORDER BY rand() LIMIT 1   [ RunTime:0.0020s ]
SQL: SELECT COUNT(number) AS tp_count FROM `data` WHERE `majorCode` = '1202Z2' LIMIT 1   [ RunTime:0.0010s ]
SQL: SELECT * FROM `data` WHERE `majorCode` = '1202Z2' ORDER BY rand() LIMIT 1   [ RunTime:0.0020s ]
SQL: SELECT COUNT(number) AS tp_count FROM `data` WHERE `majorCode` = '020202' LIMIT 1   [ RunTime:0.0010s ]
SQL: SELECT * FROM `data` WHERE `majorCode` = '020202' ORDER BY rand() LIMIT 1   [ RunTime:0.0010s ]
SQL: SELECT COUNT(number) AS tp_count FROM `data` WHERE `majorCode` = '020203' LIMIT 1   [ RunTime:0.0000s ]
SQL: SELECT * FROM `data` WHERE `majorCode` = '020203' ORDER BY rand() LIMIT 1   [ RunTime:0.0010s ]
SQL: SELECT COUNT(number) AS tp_count FROM `data` WHERE `majorCode` = '020205' LIMIT 1   [ RunTime:0.0010s ]
SQL: SELECT * FROM `data` WHERE `majorCode` = '020205' ORDER BY rand() LIMIT 1   [ RunTime:0.0010s ]
SQL: SELECT COUNT(number) AS tp_count FROM `data` WHERE `majorCode` = '020206' LIMIT 1   [ RunTime:0.0010s ]
SQL: SELECT * FROM `data` WHERE `majorCode` = '020206' ORDER BY rand() LIMIT 1   [ RunTime:0.0020s ]
SQL: SELECT COUNT(number) AS tp_count FROM `data` WHERE `majorCode` = '025400' LIMIT 1   [ RunTime:0.0010s ]
SQL: SELECT * FROM `data` WHERE `majorCode` = '025400' ORDER BY rand() LIMIT 1   [ RunTime:0.0020s ]
SQL: SELECT COUNT(number) AS tp_count FROM `data` WHERE `majorCode` = '020204' LIMIT 1   [ RunTime:0.0010s ]
SQL: SELECT * FROM `data` WHERE `majorCode` = '020204' ORDER BY rand() LIMIT 1   [ RunTime:0.0020s ]
SQL: SELECT COUNT(number) AS tp_count FROM `data` WHERE `majorCode` = '025100' LIMIT 1   [ RunTime:0.0010s ]
SQL: SELECT * FROM `data` WHERE `majorCode` = '025100' ORDER BY rand() LIMIT 1   [ RunTime:0.0020s ]
SQL: SELECT COUNT(number) AS tp_count FROM `data` WHERE `majorCode` = '025500' LIMIT 1   [ RunTime:0.0010s ]
SQL: SELECT * FROM `data` WHERE `majorCode` = '025500' ORDER BY rand() LIMIT 1   [ RunTime:0.0010s ]
SQL: SELECT COUNT(number) AS tp_count FROM `data` WHERE `majorCode` = '020209' LIMIT 1   [ RunTime:0.0000s ]
SQL: SELECT * FROM `data` WHERE `majorCode` = '020209' ORDER BY rand() LIMIT 1   [ RunTime:0.0010s ]
SQL: UPDATE `data` SET `flag`='0' WHERE `flag` = 1 [ RunTime:0.0140s ]
SQL: UPDATE `data` SET `flag`='1' WHERE `number` = '18020020007' [ RunTime:0.0250s ]
SQL: UPDATE `data` SET `flag`='1' WHERE `number` = '18020020006' [ RunTime:0.0160s ]
SQL: UPDATE `data` SET `flag`='1' WHERE `number` = '18020020013' [ RunTime:0.0240s ]
SQL: UPDATE `data` SET `flag`='1' WHERE `number` = '18020020012' [ RunTime:0.0160s ]
SQL: UPDATE `data` SET `flag`='1' WHERE `number` = '18020120045' [ RunTime:0.0240s ]
SQL: UPDATE `data` SET `flag`='1' WHERE `number` = '18020130004' [ RunTime:0.0160s ]
SQL: UPDATE `data` SET `flag`='1' WHERE `number` = '18020130023' [ RunTime:0.0250s ]
SQL: UPDATE `data` SET `flag`='1' WHERE `number` = '18020080003' [ RunTime:0.0170s ]
SQL: UPDATE `data` SET `flag`='1' WHERE `number` = '18020080034' [ RunTime:0.0240s ]
SQL: UPDATE `data` SET `flag`='1' WHERE `number` = '18020080024' [ RunTime:0.0250s ]
SQL: UPDATE `data` SET `flag`='1' WHERE `number` = '18020080056' [ RunTime:0.0240s ]
SQL: UPDATE `data` SET `flag`='1' WHERE `number` = '18020080058' [ RunTime:0.0250s ]
SQL: UPDATE `data` SET `flag`='1' WHERE `number` = '18020080060' [ RunTime:0.0240s ]
SQL: UPDATE `data` SET `flag`='1' WHERE `number` = '18020130046' [ RunTime:0.0160s ]
SQL: UPDATE `data` SET `flag`='1' WHERE `number` = '18020060006' [ RunTime:0.0240s ]
SQL: UPDATE `data` SET `flag`='1' WHERE `number` = '18020060024' [ RunTime:0.0160s ]
SQL: UPDATE `data` SET `flag`='1' WHERE `number` = '18020050146' [ RunTime:0.0250s ]
SQL: UPDATE `data` SET `flag`='1' WHERE `number` = '18020050088' [ RunTime:0.0250s ]
SQL: UPDATE `data` SET `flag`='1' WHERE `number` = '18020130051' [ RunTime:0.0250s ]
SQL: UPDATE `data` SET `flag`='1' WHERE `number` = '18020080103' [ RunTime:0.0150s ]
SQL: UPDATE `data` SET `flag`='1' WHERE `number` = '18020040024' [ RunTime:0.0240s ]
SQL: UPDATE `data` SET `flag`='1' WHERE `number` = '18020040046' [ RunTime:0.0160s ]
SQL: UPDATE `data` SET `flag`='1' WHERE `number` = '18020140006' [ RunTime:0.0240s ]
SQL: UPDATE `data` SET `flag`='1' WHERE `number` = '18020040059' [ RunTime:0.0240s ]
SQL: UPDATE `data` SET `flag`='1' WHERE `number` = '18020040094' [ RunTime:0.0240s ]
SQL: UPDATE `data` SET `flag`='1' WHERE `number` = '18020140014' [ RunTime:0.0160s ]
SQL: UPDATE `data` SET `flag`='1' WHERE `number` = '18020140026' [ RunTime:0.0250s ]
SQL: UPDATE `data` SET `flag`='1' WHERE `number` = '18020160015' [ RunTime:0.0160s ]
SQL: UPDATE `data` SET `flag`='1' WHERE `number` = '18020150011' [ RunTime:0.0230s ]
SQL: UPDATE `data` SET `flag`='1' WHERE `number` = '18020050011' [ RunTime:0.0250s ]
SQL: UPDATE `data` SET `flag`='1' WHERE `number` = '18020160030' [ RunTime:0.0240s ]
SQL: UPDATE `data` SET `flag`='1' WHERE `number` = '18020110018' [ RunTime:0.0150s ]
SQL: UPDATE `data` SET `flag`='1' WHERE `number` = '18020150013' [ RunTime:0.0240s ]
SQL: UPDATE `data` SET `flag`='1' WHERE `number` = '18020050045' [ RunTime:0.0240s ]
SQL: UPDATE `data` SET `flag`='1' WHERE `number` = '18020120006' [ RunTime:0.0240s ]
SQL: UPDATE `data` SET `flag`='1' WHERE `number` = '18020120014' [ RunTime:0.0240s ]
SQL: UPDATE `data` SET `flag`='1' WHERE `number` = '18020100022' [ RunTime:0.0160s ]
SQL: UPDATE `data` SET `flag`='1' WHERE `number` = '18020200003' [ RunTime:0.0160s ]
SQL: UPDATE `data` SET `flag`='1' WHERE `number` = '18020120017' [ RunTime:0.0240s ]
SQL: UPDATE `data` SET `flag`='1' WHERE `number` = '18020070005' [ RunTime:0.0160s ]
SQL: UPDATE `data` SET `flag`='1' WHERE `number` = '18020200022' [ RunTime:0.0240s ]
SQL: UPDATE `data` SET `flag`='1' WHERE `number` = '18020070011' [ RunTime:0.0240s ]
SQL: UPDATE `data` SET `flag`='1' WHERE `number` = '18020070017' [ RunTime:0.0160s ]
SQL: UPDATE `data` SET `flag`='1' WHERE `number` = '18020070021' [ RunTime:0.0160s ]
SQL: UPDATE `data` SET `flag`='1' WHERE `number` = '18020070031' [ RunTime:0.0230s ]
SQL: UPDATE `data` SET `flag`='1' WHERE `number` = '18020070034' [ RunTime:0.0160s ]
SQL: UPDATE `data` SET `flag`='1' WHERE `number` = '18020170001' [ RunTime:0.0240s ]
SQL: UPDATE `data` SET `flag`='1' WHERE `number` = '18020170003' [ RunTime:0.0160s ]
SQL: UPDATE `data` SET `flag`='1' WHERE `number` = '18020170004' [ RunTime:0.0250s ]
SQL: UPDATE `data` SET `flag`='1' WHERE `number` = '18020170007' [ RunTime:0.0160s ]
SQL: UPDATE `data` SET `flag`='1' WHERE `number` = '18020170009' [ RunTime:0.0250s ]
SQL: UPDATE `data` SET `flag`='1' WHERE `number` = '18020170013' [ RunTime:0.0240s ]
SQL: UPDATE `data` SET `flag`='1' WHERE `number` = '18020070037' [ RunTime:0.0240s ]
SQL: UPDATE `data` SET `flag`='1' WHERE `number` = '18020070041' [ RunTime:0.0150s ]
SQL: UPDATE `data` SET `flag`='1' WHERE `number` = '18020010071' [ RunTime:0.0230s ]
SQL: UPDATE `data` SET `flag`='1' WHERE `number` = '18020090011' [ RunTime:0.0150s ]
SQL: UPDATE `data` SET `flag`='1' WHERE `number` = '18020090020' [ RunTime:0.0150s ]
SQL: UPDATE `data` SET `flag`='1' WHERE `number` = '18020090030' [ RunTime:0.0240s ]
SQL: UPDATE `data` SET `flag`='1' WHERE `number` = '18020100015' [ RunTime:0.0230s ]
SQL: UPDATE `data` SET `flag`='1' WHERE `number` = '18020090040' [ RunTime:0.0230s ]
SQL: UPDATE `data` SET `flag`='1' WHERE `number` = '18020010026' [ RunTime:0.0240s ]
SQL: UPDATE `data` SET `flag`='1' WHERE `number` = '18020010058' [ RunTime:0.0160s ]
SQL: UPDATE `data` SET `flag`='1' WHERE `number` = '18020010061' [ RunTime:0.0240s ]
SQL: UPDATE `data` SET `flag`='1' WHERE `number` = '18020020017' [ RunTime:0.0240s ]
SQL: UPDATE `data` SET `flag`='1' WHERE `number` = '18020020023' [ RunTime:0.0230s ]
SQL: UPDATE `data` SET `flag`='1' WHERE `number` = '18020020024' [ RunTime:0.0160s ]
SQL: UPDATE `data` SET `flag`='1' WHERE `number` = '18020020056' [ RunTime:0.0150s ]
SQL: UPDATE `data` SET `flag`='1' WHERE `number` = '18020020068' [ RunTime:0.0160s ]
SQL: UPDATE `data` SET `flag`='1' WHERE `number` = '18020030037' [ RunTime:0.0240s ]
SQL: UPDATE `data` SET `flag`='1' WHERE `number` = '18020030071' [ RunTime:0.0520s ]
SQL: UPDATE `data` SET `flag`='1' WHERE `number` = '18020030076' [ RunTime:0.0220s ]
SQL: UPDATE `data` SET `flag`='1' WHERE `number` = '18020040001' [ RunTime:0.0230s ]
SQL: SELECT `number`,`grade`,`name`,`sex`,`idcard`,`cultivationType`,`academy`,`academyCode`,`major`,`tutor`,`expirationDate`,`degreeType` FROM `data` WHERE `flag` = 1 ORDER BY academy,major  [ RunTime:0.0030s ]
INFO: [ app_end ] --START--
INFO: Run Behavior\ShowPageTraceBehavior [ RunTime:0.001000s ]
INFO: [ app_end ] --END-- [ RunTime:0.002000s ]

